<?xml version="1.0" encoding="UTF-8"?>
<!-- Generated by org.testng.reporters.JUnitXMLReporter -->
<testsuite ignored="4" hostname="LAPTOP-T1V1CBN5" failures="0" tests="3" name="Default test" time="3.588" errors="0" timestamp="2025-01-01T18:53:56 AST">
  <testcase classname="myTestCaseSauceDemo.MainTestCases" name="Login" time="0.435"/>
  <testcase classname="myTestCaseSauceDemo.MainTestCases" name="AddRandomItem" time="0.086"/>
  <testcase classname="myTestCaseSauceDemo.MainTestCases" name="CheckOutProcess" time="0.798"/>
  <testcase classname="myTestCaseSauceDemo.MainTestCases" name="AddItemThatStartWithSauce" time="0.0">
    <ignored/>
  </testcase> <!-- AddItemThatStartWithSauce -->
  <testcase classname="myTestCaseSauceDemo.MainTestCases" name="AddCartinNamberOfItem" time="0.0">
    <ignored/>
  </testcase> <!-- AddCartinNamberOfItem -->
  <testcase classname="myTestCaseSauceDemo.MainTestCases" name="AddAllAtems" time="0.0">
    <ignored/>
  </testcase> <!-- AddAllAtems -->
  <testcase classname="myTestCaseSauceDemo.MainTestCases" name="AddOnlyOntherightOrLeft" time="0.0">
    <ignored/>
  </testcase> <!-- AddOnlyOntherightOrLeft -->
</testsuite> <!-- Default test -->
