<?xml version="1.0" encoding="UTF-8"?>
<testng-results ignored="4" total="7" passed="3" failed="0" skipped="0">
  <reporter-output>
  </reporter-output>
  <suite started-at="2025-01-01T18:53:52 AST" name="Default suite" finished-at="2025-01-01T18:53:56 AST" duration-ms="3588">
    <groups>
    </groups>
    <test started-at="2025-01-01T18:53:52 AST" name="Default test" finished-at="2025-01-01T18:53:56 AST" duration-ms="3588">
      <class name="myTestCaseSauceDemo.MainTestCases">
        <test-method is-config="true" signature="MySetup()[pri:0, instance:myTestCaseSauceDemo.MainTestCases@56f0cc85]" started-at="2025-01-01T18:53:52 AST" name="MySetup" finished-at="2025-01-01T18:53:55 AST" duration-ms="2211" status="PASS">
          <reporter-output>
          </reporter-output>
        </test-method> <!-- MySetup -->
        <test-method signature="Login()[pri:1, instance:myTestCaseSauceDemo.MainTestCases@56f0cc85]" started-at="2025-01-01T18:53:55 AST" name="Login" finished-at="2025-01-01T18:53:55 AST" duration-ms="435" status="PASS">
          <reporter-output>
          </reporter-output>
        </test-method> <!-- Login -->
        <test-method signature="AddRandomItem()[pri:3, instance:myTestCaseSauceDemo.MainTestCases@56f0cc85]" started-at="2025-01-01T18:53:55 AST" name="AddRandomItem" finished-at="2025-01-01T18:53:55 AST" duration-ms="86" status="PASS">
          <reporter-output>
          </reporter-output>
        </test-method> <!-- AddRandomItem -->
        <test-method signature="CheckOutProcess()[pri:4, instance:myTestCaseSauceDemo.MainTestCases@56f0cc85]" started-at="2025-01-01T18:53:55 AST" name="CheckOutProcess" finished-at="2025-01-01T18:53:56 AST" duration-ms="798" status="PASS">
          <reporter-output>
          </reporter-output>
        </test-method> <!-- CheckOutProcess -->
        <test-method is-config="true" signature="PostTesting()[pri:0, instance:myTestCaseSauceDemo.MainTestCases@56f0cc85]" started-at="2025-01-01T18:53:56 AST" name="PostTesting" finished-at="2025-01-01T18:53:56 AST" duration-ms="7" status="PASS">
          <reporter-output>
          </reporter-output>
        </test-method> <!-- PostTesting -->
      </class> <!-- myTestCaseSauceDemo.MainTestCases -->
    </test> <!-- Default test -->
  </suite> <!-- Default suite -->
</testng-results>
